[0;31mE 07-14 18:48:40[0m '', 404 Page Not Found --> /salesmeet_cms/
[0;31mE 07-14 18:48:50[0m '', 404 Page Not Found --> /salesmeet_cms/auth/login
[0;31mE 07-14 18:52:59[0m '', 404 Page Not Found --> /salesmeet_cms/css/admin/bootstrap.min.css --> referer = http://fadev.bounceme.net/salesmeet_cms/dashboard/login
[0;31mE 07-14 18:52:59[0m '', 404 Page Not Found --> /salesmeet_cms/css/admin/style.css --> referer = http://fadev.bounceme.net/salesmeet_cms/dashboard/login
[0;31mE 07-14 18:52:59[0m '', 404 Page Not Found --> /salesmeet_cms/js/admin/bootstrap.min.js --> referer = http://fadev.bounceme.net/salesmeet_cms/dashboard/login
[0;31mE 07-14 18:52:59[0m '', 404 Page Not Found --> /salesmeet_cms/js/admin/bootstrap.min.js --> referer = http://fadev.bounceme.net/salesmeet_cms/dashboard/login
[0;31mE 07-14 18:54:15[0m '', 404 Page Not Found --> /salesmeet_cms/css/admin/bootstrap.min.css --> referer = http://fadev.bounceme.net/salesmeet_cms/dashboard/login
[0;31mE 07-14 18:54:15[0m '', 404 Page Not Found --> /salesmeet_cms/css/admin/style.css --> referer = http://fadev.bounceme.net/salesmeet_cms/dashboard/login
[0;31mE 07-14 18:54:15[0m '', 404 Page Not Found --> /salesmeet_cms/js/admin/bootstrap.min.js --> referer = http://fadev.bounceme.net/salesmeet_cms/dashboard/login
[0;31mE 07-14 18:54:15[0m '', 404 Page Not Found --> /salesmeet_cms/js/admin/bootstrap.min.js --> referer = http://fadev.bounceme.net/salesmeet_cms/dashboard/login
[0;31mE 07-14 18:54:25[0m '', 404 Page Not Found --> /salesmeet_cms/css/admin/bootstrap.min.css --> referer = http://fadev.bounceme.net/salesmeet_cms/dashboard/login
[0;31mE 07-14 18:54:25[0m '', 404 Page Not Found --> /salesmeet_cms/css/admin/style.css --> referer = http://fadev.bounceme.net/salesmeet_cms/dashboard/login
[0;31mE 07-14 18:54:25[0m '', 404 Page Not Found --> /salesmeet_cms/js/admin/bootstrap.min.js --> referer = http://fadev.bounceme.net/salesmeet_cms/dashboard/login
[0;31mE 07-14 18:54:25[0m '', 404 Page Not Found --> /salesmeet_cms/js/admin/bootstrap.min.js --> referer = http://fadev.bounceme.net/salesmeet_cms/dashboard/login
[0;31mE 07-14 18:55:00[0m '', 404 Page Not Found --> /salesmeet_cms/css/admin/bootstrap.min.css --> referer = http://fadev.bounceme.net/salesmeet_cms/dashboard/login
[0;31mE 07-14 18:55:00[0m '', 404 Page Not Found --> /salesmeet_cms/css/admin/style.css --> referer = http://fadev.bounceme.net/salesmeet_cms/dashboard/login
[0;31mE 07-14 18:55:00[0m '', 404 Page Not Found --> /salesmeet_cms/js/admin/bootstrap.min.js --> referer = http://fadev.bounceme.net/salesmeet_cms/dashboard/login
[0;31mE 07-14 18:55:00[0m '', 404 Page Not Found --> /salesmeet_cms/js/admin/bootstrap.min.js --> referer = http://fadev.bounceme.net/salesmeet_cms/dashboard/login
[0;31mE 07-14 19:03:30[0m '', Unable to connect to the database
[0;31mE 07-14 19:03:37[0m '', Unable to connect to the database
[0;31mE 07-14 19:03:51[0m '', Unable to connect to the database
[0;31mE 07-14 19:04:53[0m '', Unable to connect to the database
[0;31mE 07-14 19:07:03[0m '', Unable to connect to the database
[0;31mE 07-14 19:08:19[0m '', Unable to connect to the database
[0;31mE 07-14 19:09:18[0m '', Unable to connect to the database
[0;31mE 07-14 19:09:22[0m '', Unable to connect to the database
[0;31mE 07-14 19:52:17[0m '', 404 Page Not Found --> /salesmeet_cms/auth/me
[0;31mE 07-14 19:53:15[0m '', 404 Page Not Found --> /salesmeet_cms/auth/me --> referer = http://192.168.1.110:4200/
[0;31mE 07-14 19:54:15[0m '', 404 Page Not Found --> /salesmeet_cms/auth/me --> referer = http://192.168.1.110:4200/
[0;31mE 07-14 20:06:50[0m '', 404 Page Not Found --> /salesmeet_cms/auth/me
